mode: set
github.com/AkshithaLiyanage/go-web-analyzer/handler/handler.go:12.65,13.35 1 1
github.com/AkshithaLiyanage/go-web-analyzer/handler/handler.go:13.35,17.3 3 1
github.com/AkshithaLiyanage/go-web-analyzer/handler/handler.go:19.2,20.16 2 1
github.com/AkshithaLiyanage/go-web-analyzer/handler/handler.go:20.16,24.3 3 0
github.com/AkshithaLiyanage/go-web-analyzer/handler/handler.go:26.2,27.15 2 1
github.com/AkshithaLiyanage/go-web-analyzer/handler/handler.go:27.15,31.3 3 1
github.com/AkshithaLiyanage/go-web-analyzer/handler/handler.go:33.2,36.16 3 1
github.com/AkshithaLiyanage/go-web-analyzer/handler/handler.go:36.16,40.3 3 1
github.com/AkshithaLiyanage/go-web-analyzer/handler/handler.go:42.2,44.37 3 1
github.com/AkshithaLiyanage/go-web-analyzer/handler/handler.go:47.78,55.2 3 1
github.com/AkshithaLiyanage/go-web-analyzer/logs/logger.go:11.13,18.2 4 0
github.com/AkshithaLiyanage/go-web-analyzer/cmd/server/main.go:12.13,24.16 10 0
github.com/AkshithaLiyanage/go-web-analyzer/cmd/server/main.go:24.16,26.3 1 0
github.com/AkshithaLiyanage/go-web-analyzer/cmd/server/main.go:30.19,31.12 1 0
github.com/AkshithaLiyanage/go-web-analyzer/cmd/server/main.go:31.12,33.59 2 0
github.com/AkshithaLiyanage/go-web-analyzer/cmd/server/main.go:33.59,35.4 1 0
github.com/AkshithaLiyanage/go-web-analyzer/analyzer/analyzer.go:19.83,25.35 3 1
github.com/AkshithaLiyanage/go-web-analyzer/analyzer/analyzer.go:25.35,28.3 2 0
github.com/AkshithaLiyanage/go-web-analyzer/analyzer/analyzer.go:30.2,31.16 2 1
github.com/AkshithaLiyanage/go-web-analyzer/analyzer/analyzer.go:31.16,34.3 2 0
github.com/AkshithaLiyanage/go-web-analyzer/analyzer/analyzer.go:36.2,40.16 3 1
github.com/AkshithaLiyanage/go-web-analyzer/analyzer/analyzer.go:40.16,43.3 2 0
github.com/AkshithaLiyanage/go-web-analyzer/analyzer/analyzer.go:44.2,48.16 3 1
github.com/AkshithaLiyanage/go-web-analyzer/analyzer/analyzer.go:48.16,51.3 2 0
github.com/AkshithaLiyanage/go-web-analyzer/analyzer/analyzer.go:54.2,77.40 8 1
github.com/AkshithaLiyanage/go-web-analyzer/analyzer/analyzer.go:81.46,85.61 3 1
github.com/AkshithaLiyanage/go-web-analyzer/analyzer/analyzer.go:85.61,90.47 4 1
github.com/AkshithaLiyanage/go-web-analyzer/analyzer/analyzer.go:90.47,92.4 1 1
github.com/AkshithaLiyanage/go-web-analyzer/analyzer/analyzer.go:95.2,95.16 1 1
github.com/AkshithaLiyanage/go-web-analyzer/analyzer/analyzer.go:98.38,99.9 1 0
github.com/AkshithaLiyanage/go-web-analyzer/analyzer/analyzer.go:100.48,101.31 1 0
github.com/AkshithaLiyanage/go-web-analyzer/analyzer/analyzer.go:102.43,103.35 1 0
github.com/AkshithaLiyanage/go-web-analyzer/analyzer/analyzer.go:104.39,105.31 1 0
github.com/AkshithaLiyanage/go-web-analyzer/analyzer/analyzer.go:106.10,107.31 1 0
github.com/AkshithaLiyanage/go-web-analyzer/analyzer/analyzer.go:111.40,112.9 1 0
github.com/AkshithaLiyanage/go-web-analyzer/analyzer/analyzer.go:113.48,114.49 1 0
github.com/AkshithaLiyanage/go-web-analyzer/analyzer/analyzer.go:115.43,116.58 1 0
github.com/AkshithaLiyanage/go-web-analyzer/analyzer/analyzer.go:117.39,118.57 1 0
github.com/AkshithaLiyanage/go-web-analyzer/analyzer/analyzer.go:119.10,120.63 1 0
github.com/AkshithaLiyanage/go-web-analyzer/analyzer/analyzer.go:125.62,129.41 4 1
github.com/AkshithaLiyanage/go-web-analyzer/analyzer/analyzer.go:129.41,132.3 2 1
github.com/AkshithaLiyanage/go-web-analyzer/analyzer/analyzer.go:133.2,133.17 1 1
github.com/AkshithaLiyanage/go-web-analyzer/analyzer/analyzer.go:137.93,145.61 6 1
github.com/AkshithaLiyanage/go-web-analyzer/analyzer/analyzer.go:145.61,147.56 2 1
github.com/AkshithaLiyanage/go-web-analyzer/analyzer/analyzer.go:147.56,149.4 1 0
github.com/AkshithaLiyanage/go-web-analyzer/analyzer/analyzer.go:151.3,152.17 2 1
github.com/AkshithaLiyanage/go-web-analyzer/analyzer/analyzer.go:152.17,154.4 1 0
github.com/AkshithaLiyanage/go-web-analyzer/analyzer/analyzer.go:156.3,157.43 2 1
github.com/AkshithaLiyanage/go-web-analyzer/analyzer/analyzer.go:157.43,159.4 1 1
github.com/AkshithaLiyanage/go-web-analyzer/analyzer/analyzer.go:159.9,161.4 1 1
github.com/AkshithaLiyanage/go-web-analyzer/analyzer/analyzer.go:162.3,162.52 1 1
github.com/AkshithaLiyanage/go-web-analyzer/analyzer/analyzer.go:164.2,164.47 1 1
github.com/AkshithaLiyanage/go-web-analyzer/analyzer/analyzer.go:168.74,174.32 4 1
github.com/AkshithaLiyanage/go-web-analyzer/analyzer/analyzer.go:174.32,176.21 2 1
github.com/AkshithaLiyanage/go-web-analyzer/analyzer/analyzer.go:176.21,179.43 3 1
github.com/AkshithaLiyanage/go-web-analyzer/analyzer/analyzer.go:179.43,182.5 2 1
github.com/AkshithaLiyanage/go-web-analyzer/analyzer/analyzer.go:186.2,190.31 4 1
github.com/AkshithaLiyanage/go-web-analyzer/analyzer/analyzer.go:190.31,192.3 1 1
github.com/AkshithaLiyanage/go-web-analyzer/analyzer/analyzer.go:193.2,193.21 1 1
github.com/AkshithaLiyanage/go-web-analyzer/analyzer/analyzer.go:197.54,199.16 2 1
github.com/AkshithaLiyanage/go-web-analyzer/analyzer/analyzer.go:199.16,201.3 1 0
github.com/AkshithaLiyanage/go-web-analyzer/analyzer/analyzer.go:202.2,215.48 4 1
github.com/AkshithaLiyanage/go-web-analyzer/analyzer/analyzer.go:215.48,216.41 1 1
github.com/AkshithaLiyanage/go-web-analyzer/analyzer/analyzer.go:216.41,218.4 1 1
github.com/AkshithaLiyanage/go-web-analyzer/analyzer/analyzer.go:220.2,220.32 1 1
